#
# A fatal error has been detected by the Java Runtime Environment:
#
#  EXCEPTION_ACCESS_VIOLATION (0xc0000005) at pc=0x000000005c2c41e0, pid=21856, tid=0x0000000000004598
#
# JRE version: Java(TM) SE Runtime Environment (8.0_171-b11) (build 1.8.0_171-b11)
# Java VM: Java HotSpot(TM) 64-Bit Server VM (25.171-b11 mixed mode windows-amd64 compressed oops)
# Problematic frame:
# C  [nvoglv64.dll+0xae41e0]
#
# Failed to write core dump. Minidumps are not enabled by default on client versions of Windows
#
# If you would like to submit a bug report, please visit:
#   http://bugreport.java.com/bugreport/crash.jsp
# The crash happened outside the Java Virtual Machine in native code.
# See problematic frame for where to report the bug.
#

---------------  T H R E A D  ---------------

Current thread (0x0000000002e82800):  JavaThread "main" [_thread_in_native, id=17816, stack(0x0000000002d00000,0x0000000002e00000)]

siginfo: ExceptionCode=0xc0000005, reading address 0x0000000000000000

Registers:
RAX=0x0000000000000000, RBX=0x00000000229052d8, RCX=0x0000000030f2d388, RDX=0x0000000000000008
RSP=0x0000000002dfee38, RBP=0x0000000022d27040, RSI=0x00000000306e8508, RDI=0x0000000000000003
R8 =0x0000000000000010, R9 =0x00000000000001e2, R10=0x0000000000000010, R11=0x0000000000000000
R12=0x0000000000000000, R13=0x0000000000000000, R14=0x0000000002dfeee0, R15=0x00000000306e8508
RIP=0x000000005c2c41e0, EFLAGS=0x0000000000010202

Top of Stack: (sp=0x0000000002dfee38)
0x0000000002dfee38:   000000005c380342 0000000000000002
0x0000000002dfee48:   000000000000000f 0000000022d27040
0x0000000002dfee58:   0000000022d27040 00000000306e8508
0x0000000002dfee68:   0000000022904f48 0000000000000003
0x0000000002dfee78:   000000005c380971 00000000229052d8
0x0000000002dfee88:   000000005c2c41d0 0000000000000008
0x0000000002dfee98:   0000000000005a60 00000000229052d8
0x0000000002dfeea8:   000000005c2c41d0 0000000000000003
0x0000000002dfeeb8:   0000000002dfeee0 000000000bc0f1a8
0x0000000002dfeec8:   000000005c204230 000000000000000f
0x0000000002dfeed8:   000000000bc0f1a8 0000000030f2d388
0x0000000002dfeee8:   10c0000000000000 0000000022d27040
0x0000000002dfeef8:   0000000000000000 0000000022d27040
0x0000000002dfef08:   0000000022d27040 0000000000000000
0x0000000002dfef18:   0000000000000000 0000000000000004
0x0000000002dfef28:   000000002ac70000 0000000000001405 

Instructions: (pc=0x000000005c2c41e0)
0x000000005c2c41c0:   10 41 83 e9 01 75 d9 48 8b c1 c3 cc cc cc cc cc
0x000000005c2c41d0:   4d 63 d0 48 83 c2 08 66 0f 1f 84 00 00 00 00 00
0x000000005c2c41e0:   8b 42 f8 89 01 8b 42 fc 89 41 04 8b 02 89 41 08
0x000000005c2c41f0:   8b 42 04 49 03 d2 89 41 0c 48 83 c1 10 41 83 e9 


Register to memory mapping:

RAX=0x0000000000000000 is an unknown value
RBX=0x00000000229052d8 is an unknown value
RCX=0x0000000030f2d388 is an unknown value
RDX=0x0000000000000008 is an unknown value
RSP=0x0000000002dfee38 is pointing into the stack for thread: 0x0000000002e82800
RBP=0x0000000022d27040 is an unknown value
RSI=0x00000000306e8508 is an unknown value
RDI=0x0000000000000003 is an unknown value
R8 =0x0000000000000010 is an unknown value
R9 =0x00000000000001e2 is an unknown value
R10=0x0000000000000010 is an unknown value
R11=0x0000000000000000 is an unknown value
R12=0x0000000000000000 is an unknown value
R13=0x0000000000000000 is an unknown value
R14=0x0000000002dfeee0 is pointing into the stack for thread: 0x0000000002e82800
R15=0x00000000306e8508 is an unknown value


Stack: [0x0000000002d00000,0x0000000002e00000],  sp=0x0000000002dfee38,  free space=1019k
Native frames: (J=compiled Java code, j=interpreted, Vv=VM code, C=native code)
C  [nvoglv64.dll+0xae41e0]

Java frames: (J=compiled Java code, j=interpreted, Vv=VM code)
J 926  org.lwjgl.opengl.GL11.nglDrawElementsBO(IIIJJ)V (0 bytes) @ 0x00000000032e4e56 [0x00000000032e4e00+0x56]
J 923 C1 org.lwjgl.opengl.GL11.glDrawElements(IIIJ)V (32 bytes) @ 0x00000000032e345c [0x00000000032e2f60+0x4fc]
j  normalMappingRenderer.NormalMappingRenderer.render(Ljava/util/Map;I)V+137
j  renderEngine.MasterRenderer.render(Ljava/util/List;Lentities/Camera;Lorg/lwjgl/util/vector/Vector4f;II)[Z+376
j  renderEngine.MasterRenderer.renderScene(Ljava/util/List;Ljava/util/List;Ljava/util/List;Ljava/util/List;Lentities/Camera;Lorg/lwjgl/util/vector/Vector4f;II)[Z+128
j  engineTester.MainGameLoop.main([Ljava/lang/String;)V+1373
v  ~StubRoutines::call_stub

---------------  P R O C E S S  ---------------

Java Threads: ( => current thread )
  0x000000002b39d800 JavaThread "Java2D Disposer" daemon [_thread_blocked, id=8908, stack(0x0000000031dd0000,0x0000000031ed0000)]
  0x000000002b1d7000 JavaThread "LWJGL Timer" daemon [_thread_blocked, id=20044, stack(0x00000000316f0000,0x00000000317f0000)]
  0x000000001e9be000 JavaThread "Service Thread" daemon [_thread_blocked, id=19304, stack(0x000000001f4e0000,0x000000001f5e0000)]
  0x000000001e938000 JavaThread "C1 CompilerThread3" daemon [_thread_blocked, id=15676, stack(0x000000001f3e0000,0x000000001f4e0000)]
  0x000000001e92e000 JavaThread "C2 CompilerThread2" daemon [_thread_blocked, id=2676, stack(0x000000001f2e0000,0x000000001f3e0000)]
  0x000000001e925000 JavaThread "C2 CompilerThread1" daemon [_thread_blocked, id=15400, stack(0x000000001f1e0000,0x000000001f2e0000)]
  0x000000001e921000 JavaThread "C2 CompilerThread0" daemon [_thread_blocked, id=20172, stack(0x000000001f0e0000,0x000000001f1e0000)]
  0x000000001e91b000 JavaThread "Attach Listener" daemon [_thread_blocked, id=17332, stack(0x000000001efe0000,0x000000001f0e0000)]
  0x000000001e919800 JavaThread "Signal Dispatcher" daemon [_thread_blocked, id=2196, stack(0x000000001eee0000,0x000000001efe0000)]
  0x000000001e910800 JavaThread "Finalizer" daemon [_thread_blocked, id=13092, stack(0x000000001ecf0000,0x000000001edf0000)]
  0x000000001ca1d800 JavaThread "Reference Handler" daemon [_thread_blocked, id=2828, stack(0x000000001e7f0000,0x000000001e8f0000)]
=>0x0000000002e82800 JavaThread "main" [_thread_in_native, id=17816, stack(0x0000000002d00000,0x0000000002e00000)]

Other Threads:
  0x000000001ca19000 VMThread [stack: 0x000000001e6f0000,0x000000001e7f0000] [id=19048]
  0x000000001e9d7000 WatcherThread [stack: 0x000000001f5e0000,0x000000001f6e0000] [id=23380]

VM state:not at safepoint (normal execution)

VM Mutex/Monitor currently owned by a thread: None

Heap:
 PSYoungGen      total 76288K, used 70281K [0x000000076af80000, 0x0000000774480000, 0x00000007c0000000)
  eden space 65536K, 90% used [0x000000076af80000,0x000000076e9aa510,0x000000076ef80000)
  from space 10752K, 99% used [0x000000076ef80000,0x000000076f9f8028,0x000000076fa00000)
  to   space 10752K, 0% used [0x0000000773a00000,0x0000000773a00000,0x0000000774480000)
 ParOldGen       total 175104K, used 55588K [0x00000006c0e00000, 0x00000006cb900000, 0x000000076af80000)
  object space 175104K, 31% used [0x00000006c0e00000,0x00000006c44491a0,0x00000006cb900000)
 Metaspace       used 8429K, capacity 8595K, committed 8704K, reserved 1056768K
  class space    used 862K, capacity 922K, committed 1024K, reserved 1048576K

Card table byte_map: [0x0000000012340000,0x0000000012b40000] byte_map_base: 0x000000000ed39000

Marking Bits: (ParMarkBitMap*) 0x000000005fd408c0
 Begin Bits: [0x00000000138a0000, 0x0000000017868000)
 End Bits:   [0x0000000017868000, 0x000000001b830000)

Polling page: 0x0000000000e90000

CodeCache: size=245760Kb used=3523Kb max_used=3523Kb free=242236Kb
 bounds [0x0000000002f80000, 0x0000000003300000, 0x0000000011f80000]
 total_blobs=1430 nmethods=949 adapters=394
 compilation: enabled

Compilation events (10 events):
Event: 1.678 Thread 0x000000001e938000  945       3       entities.Entity::getTextureYOffset (31 bytes)
Event: 1.678 Thread 0x000000001e938000 nmethod 945 0x00000000032e7dd0 code [0x00000000032e7f40, 0x00000000032e8130]
Event: 1.678 Thread 0x000000001e938000  946       3       shaders.StaticShader::loadOffset (18 bytes)
Event: 1.678 Thread 0x000000001e938000 nmethod 946 0x00000000032ed390 code [0x00000000032ed5a0, 0x00000000032edfb8]
Event: 1.686 Thread 0x000000001e938000  947       3       normalMappingRenderer.NormalMappingRenderer::prepareInstance (48 bytes)
Event: 1.687 Thread 0x000000001e938000 nmethod 947 0x00000000032ee810 code [0x00000000032eeaa0, 0x00000000032efc68]
Event: 1.687 Thread 0x000000001e938000  948       3       normalMappingRenderer.NormalMappingShader::loadTransformationMatrix (10 bytes)
Event: 1.687 Thread 0x000000001e938000 nmethod 948 0x00000000032f0950 code [0x00000000032f0ae0, 0x00000000032f0e38]
Event: 1.687 Thread 0x000000001e938000  949       3       normalMappingRenderer.NormalMappingShader::loadOffset (18 bytes)
Event: 1.687 Thread 0x000000001e938000 nmethod 949 0x00000000032f1010 code [0x00000000032f1220, 0x00000000032f1c38]

GC Heap History (6 events):
Event: 1.317 GC heap before
{Heap before GC invocations=1 (full 0):
 PSYoungGen      total 76288K, used 59043K [0x000000076af80000, 0x0000000770480000, 0x00000007c0000000)
  eden space 65536K, 90% used [0x000000076af80000,0x000000076e928c58,0x000000076ef80000)
  from space 10752K, 0% used [0x000000076fa00000,0x000000076fa00000,0x0000000770480000)
  to   space 10752K, 0% used [0x000000076ef80000,0x000000076ef80000,0x000000076fa00000)
 ParOldGen       total 175104K, used 0K [0x00000006c0e00000, 0x00000006cb900000, 0x000000076af80000)
  object space 175104K, 0% used [0x00000006c0e00000,0x00000006c0e00000,0x00000006cb900000)
 Metaspace       used 8236K, capacity 8371K, committed 8576K, reserved 1056768K
  class space    used 849K, capacity 890K, committed 896K, reserved 1048576K
Event: 1.326 GC heap after
Heap after GC invocations=1 (full 0):
 PSYoungGen      total 76288K, used 10277K [0x000000076af80000, 0x0000000770480000, 0x00000007c0000000)
  eden space 65536K, 0% used [0x000000076af80000,0x000000076af80000,0x000000076ef80000)
  from space 10752K, 95% used [0x000000076ef80000,0x000000076f989468,0x000000076fa00000)
  to   space 10752K, 0% used [0x000000076fa00000,0x000000076fa00000,0x0000000770480000)
 ParOldGen       total 175104K, used 24544K [0x00000006c0e00000, 0x00000006cb900000, 0x000000076af80000)
  object space 175104K, 14% used [0x00000006c0e00000,0x00000006c25f8040,0x00000006cb900000)
 Metaspace       used 8236K, capacity 8371K, committed 8576K, reserved 1056768K
  class space    used 849K, capacity 890K, committed 896K, reserved 1048576K
}
Event: 1.370 GC heap before
{Heap before GC invocations=2 (full 0):
 PSYoungGen      total 76288K, used 75813K [0x000000076af80000, 0x0000000770480000, 0x00000007c0000000)
  eden space 65536K, 100% used [0x000000076af80000,0x000000076ef80000,0x000000076ef80000)
  from space 10752K, 95% used [0x000000076ef80000,0x000000076f989468,0x000000076fa00000)
  to   space 10752K, 0% used [0x000000076fa00000,0x000000076fa00000,0x0000000770480000)
 ParOldGen       total 175104K, used 24544K [0x00000006c0e00000, 0x00000006cb900000, 0x000000076af80000)
  object space 175104K, 14% used [0x00000006c0e00000,0x00000006c25f8040,0x00000006cb900000)
 Metaspace       used 8256K, capacity 8371K, committed 8576K, reserved 1056768K
  class space    used 849K, capacity 890K, committed 896K, reserved 1048576K
Event: 1.382 GC heap after
Heap after GC invocations=2 (full 0):
 PSYoungGen      total 76288K, used 10736K [0x000000076af80000, 0x0000000774480000, 0x00000007c0000000)
  eden space 65536K, 0% used [0x000000076af80000,0x000000076af80000,0x000000076ef80000)
  from space 10752K, 99% used [0x000000076fa00000,0x000000077047c038,0x0000000770480000)
  to   space 10752K, 0% used [0x000000076ef80000,0x000000076ef80000,0x000000076fa00000)
 ParOldGen       total 175104K, used 55536K [0x00000006c0e00000, 0x00000006cb900000, 0x000000076af80000)
  object space 175104K, 31% used [0x00000006c0e00000,0x00000006c443c190,0x00000006cb900000)
 Metaspace       used 8256K, capacity 8371K, committed 8576K, reserved 1056768K
  class space    used 849K, capacity 890K, committed 896K, reserved 1048576K
}
Event: 1.437 GC heap before
{Heap before GC invocations=3 (full 0):
 PSYoungGen      total 76288K, used 76272K [0x000000076af80000, 0x0000000774480000, 0x00000007c0000000)
  eden space 65536K, 100% used [0x000000076af80000,0x000000076ef80000,0x000000076ef80000)
  from space 10752K, 99% used [0x000000076fa00000,0x000000077047c038,0x0000000770480000)
  to   space 10752K, 0% used [0x000000076ef80000,0x000000076ef80000,0x000000076fa00000)
 ParOldGen       total 175104K, used 55536K [0x00000006c0e00000, 0x00000006cb900000, 0x000000076af80000)
  object space 175104K, 31% used [0x00000006c0e00000,0x00000006c443c190,0x00000006cb900000)
 Metaspace       used 8256K, capacity 8371K, committed 8576K, reserved 1056768K
  class space    used 849K, capacity 890K, committed 896K, reserved 1048576K
Event: 1.438 GC heap after
Heap after GC invocations=3 (full 0):
 PSYoungGen      total 76288K, used 10720K [0x000000076af80000, 0x0000000774480000, 0x00000007c0000000)
  eden space 65536K, 0% used [0x000000076af80000,0x000000076af80000,0x000000076ef80000)
  from space 10752K, 99% used [0x000000076ef80000,0x000000076f9f8028,0x000000076fa00000)
  to   space 10752K, 0% used [0x0000000773a00000,0x0000000773a00000,0x0000000774480000)
 ParOldGen       total 175104K, used 55588K [0x00000006c0e00000, 0x00000006cb900000, 0x000000076af80000)
  object space 175104K, 31% used [0x00000006c0e00000,0x00000006c44491a0,0x00000006cb900000)
 Metaspace       used 8256K, capacity 8371K, committed 8576K, reserved 1056768K
  class space    used 849K, capacity 890K, committed 896K, reserved 1048576K
}

Deoptimization events (10 events):
Event: 1.211 Thread 0x0000000002e82800 Uncommon trap: reason=class_check action=maybe_recompile pc=0x00000000031ee13c method=java.util.AbstractCollection.toArray([Ljava/lang/Object;)[Ljava/lang/Object; @ 1
Event: 1.225 Thread 0x0000000002e82800 Uncommon trap: reason=unstable_if action=reinterpret pc=0x000000000317b28c method=java.lang.String.indexOf([CII[CIII)I @ 3
Event: 1.229 Thread 0x0000000002e82800 Uncommon trap: reason=unstable_if action=reinterpret pc=0x00000000031714d8 method=sun.nio.cs.UTF_8$Encoder.encode([CII[B)I @ 33
Event: 1.298 Thread 0x0000000002e82800 Uncommon trap: reason=class_check action=maybe_recompile pc=0x00000000031d5e2c method=java.io.BufferedInputStream.read([BII)I @ 101
Event: 1.298 Thread 0x0000000002e82800 Uncommon trap: reason=class_check action=maybe_recompile pc=0x00000000031d5e2c method=java.io.BufferedInputStream.read([BII)I @ 101
Event: 1.298 Thread 0x0000000002e82800 Uncommon trap: reason=class_check action=maybe_recompile pc=0x00000000031d5e2c method=java.io.BufferedInputStream.read([BII)I @ 101
Event: 1.298 Thread 0x0000000002e82800 Uncommon trap: reason=class_check action=maybe_recompile pc=0x00000000031d5e2c method=java.io.BufferedInputStream.read([BII)I @ 101
Event: 1.479 Thread 0x0000000002e82800 Uncommon trap: reason=unreached action=reinterpret pc=0x00000000032a78e8 method=terrains.Terrain.generateTerrain(LrenderEngine/Loader;Ljava/awt/image/BufferedImage;)Lmodels/RawModel; @ 418
Event: 1.483 Thread 0x0000000002e82800 Uncommon trap: reason=unstable_if action=reinterpret pc=0x000000000329ccbc method=terrains.Terrain.generateTerrain(LrenderEngine/Loader;Ljava/awt/image/BufferedImage;)Lmodels/RawModel; @ 418
Event: 1.490 Thread 0x0000000002e82800 Uncommon trap: reason=unstable_if action=reinterpret pc=0x00000000031f2cb8 method=java.nio.Bits.copyFromArray(Ljava/lang/Object;JJJJ)V @ 18

Classes redefined (0 events):
No events

Internal exceptions (9 events):
Event: 0.021 Thread 0x0000000002e82800 Exception <a 'java/lang/NoSuchMethodError': Method sun.misc.Unsafe.defineClass(Ljava/lang/String;[BII)Ljava/lang/Class; name or signature does not match> (0x000000076af87cb0) thrown at [C:\re\workspace\8-2-build-windows-amd64-cygwin\jdk8u171\10807\hotspot
Event: 0.021 Thread 0x0000000002e82800 Exception <a 'java/lang/NoSuchMethodError': Method sun.misc.Unsafe.prefetchRead(Ljava/lang/Object;J)V name or signature does not match> (0x000000076af87f98) thrown at [C:\re\workspace\8-2-build-windows-amd64-cygwin\jdk8u171\10807\hotspot\src\share\vm\prim
Event: 0.485 Thread 0x0000000002e82800 Exception <a 'java/security/PrivilegedActionException'> (0x000000076b4c8930) thrown at [C:\re\workspace\8-2-build-windows-amd64-cygwin\jdk8u171\10807\hotspot\src\share\vm\prims\jvm.cpp, line 1435]
Event: 0.485 Thread 0x0000000002e82800 Exception <a 'java/security/PrivilegedActionException'> (0x000000076b4c8b40) thrown at [C:\re\workspace\8-2-build-windows-amd64-cygwin\jdk8u171\10807\hotspot\src\share\vm\prims\jvm.cpp, line 1435]
Event: 0.485 Thread 0x0000000002e82800 Exception <a 'java/security/PrivilegedActionException'> (0x000000076b4cc7b0) thrown at [C:\re\workspace\8-2-build-windows-amd64-cygwin\jdk8u171\10807\hotspot\src\share\vm\prims\jvm.cpp, line 1435]
Event: 0.485 Thread 0x0000000002e82800 Exception <a 'java/security/PrivilegedActionException'> (0x000000076b4cc9c0) thrown at [C:\re\workspace\8-2-build-windows-amd64-cygwin\jdk8u171\10807\hotspot\src\share\vm\prims\jvm.cpp, line 1435]
Event: 1.193 Thread 0x0000000002e82800 Exception <a 'java/io/FileNotFoundException'> (0x000000076c944900) thrown at [C:\re\workspace\8-2-build-windows-amd64-cygwin\jdk8u171\10807\hotspot\src\share\vm\prims\jni.cpp, line 709]
Event: 1.209 Thread 0x0000000002e82800 Exception <a 'java/lang/NoSuchFieldError': method resolution failed> (0x000000076ca14b58) thrown at [C:\re\workspace\8-2-build-windows-amd64-cygwin\jdk8u171\10807\hotspot\src\share\vm\prims\methodHandles.cpp, line 1167]
Event: 1.210 Thread 0x0000000002e82800 Exception <a 'java/lang/NoSuchFieldError': method resolution failed> (0x000000076ca22520) thrown at [C:\re\workspace\8-2-build-windows-amd64-cygwin\jdk8u171\10807\hotspot\src\share\vm\prims\methodHandles.cpp, line 1167]

Events (10 events):
Event: 1.604 loading class water/WaterRenderer
Event: 1.604 loading class water/WaterRenderer done
Event: 1.622 loading class water/lava/LavaRenderer
Event: 1.622 loading class water/lava/LavaRenderer done
Event: 1.623 loading class water/lava/LavaShader
Event: 1.623 loading class water/lava/LavaShader done
Event: 1.654 loading class water/WaterTile
Event: 1.654 loading class water/WaterTile done
Event: 1.687 loading class org/lwjgl/util/vector/Quaternion
Event: 1.687 loading class org/lwjgl/util/vector/Quaternion done


Dynamic libraries:
0x00007ff77b730000 - 0x00007ff77b767000 	C:\Program Files\Java\jre1.8.0_171\bin\javaw.exe
0x00007fff382c0000 - 0x00007fff384a1000 	C:\WINDOWS\SYSTEM32\ntdll.dll
0x00007fff36b00000 - 0x00007fff36bb2000 	C:\WINDOWS\System32\KERNEL32.DLL
0x00007fff354d0000 - 0x00007fff35743000 	C:\WINDOWS\System32\KERNELBASE.dll
0x00007fff35760000 - 0x00007fff35801000 	C:\WINDOWS\System32\ADVAPI32.dll
0x00007fff363f0000 - 0x00007fff3648e000 	C:\WINDOWS\System32\msvcrt.dll
0x00007fff368f0000 - 0x00007fff3694b000 	C:\WINDOWS\System32\sechost.dll
0x00007fff36080000 - 0x00007fff361a4000 	C:\WINDOWS\System32\RPCRT4.dll
0x00007fff36950000 - 0x00007fff36ae0000 	C:\WINDOWS\System32\USER32.dll
0x00007fff34b60000 - 0x00007fff34b80000 	C:\WINDOWS\System32\win32u.dll
0x00007fff363c0000 - 0x00007fff363e8000 	C:\WINDOWS\System32\GDI32.dll
0x00007fff348c0000 - 0x00007fff34a52000 	C:\WINDOWS\System32\gdi32full.dll
0x00007fff34690000 - 0x00007fff3472f000 	C:\WINDOWS\System32\msvcp_win.dll
0x00007fff34a60000 - 0x00007fff34b5a000 	C:\WINDOWS\System32\ucrtbase.dll
0x00007fff29900000 - 0x00007fff29b69000 	C:\WINDOWS\WinSxS\amd64_microsoft.windows.common-controls_6595b64144ccf1df_6.0.17134.228_none_fb4599993062b194\COMCTL32.dll
0x00007fff35d50000 - 0x00007fff36073000 	C:\WINDOWS\System32\combase.dll
0x00007fff34790000 - 0x00007fff3480a000 	C:\WINDOWS\System32\bcryptPrimitives.dll
0x00007fff36250000 - 0x00007fff3627d000 	C:\WINDOWS\System32\IMM32.DLL
0x000000005fdc0000 - 0x000000005fe92000 	C:\Program Files\Java\jre1.8.0_171\bin\msvcr100.dll
0x000000005f520000 - 0x000000005fdc0000 	C:\Program Files\Java\jre1.8.0_171\bin\server\jvm.dll
0x00007fff36880000 - 0x00007fff36888000 	C:\WINDOWS\System32\PSAPI.DLL
0x00007fff30930000 - 0x00007fff3093a000 	C:\WINDOWS\SYSTEM32\VERSION.dll
0x00007fff32840000 - 0x00007fff32849000 	C:\WINDOWS\SYSTEM32\WSOCK32.dll
0x00007fff298d0000 - 0x00007fff298f3000 	C:\WINDOWS\SYSTEM32\WINMM.dll
0x00007fff36670000 - 0x00007fff366dc000 	C:\WINDOWS\System32\WS2_32.dll
0x00007fff295a0000 - 0x00007fff295ca000 	C:\WINDOWS\SYSTEM32\WINMMBASE.dll
0x00007fff34d70000 - 0x00007fff34db9000 	C:\WINDOWS\System32\cfgmgr32.dll
0x000000005f510000 - 0x000000005f51f000 	C:\Program Files\Java\jre1.8.0_171\bin\verify.dll
0x000000005f4e0000 - 0x000000005f509000 	C:\Program Files\Java\jre1.8.0_171\bin\java.dll
0x000000005f4c0000 - 0x000000005f4d6000 	C:\Program Files\Java\jre1.8.0_171\bin\zip.dll
0x00007fff36c90000 - 0x00007fff380d0000 	C:\WINDOWS\System32\SHELL32.dll
0x00007fff36310000 - 0x00007fff363b9000 	C:\WINDOWS\System32\shcore.dll
0x00007fff34dc0000 - 0x00007fff354cd000 	C:\WINDOWS\System32\windows.storage.dll
0x00007fff36890000 - 0x00007fff368e1000 	C:\WINDOWS\System32\shlwapi.dll
0x00007fff34650000 - 0x00007fff34661000 	C:\WINDOWS\System32\kernel.appcore.dll
0x00007fff34670000 - 0x00007fff3468f000 	C:\WINDOWS\System32\profapi.dll
0x00007fff34600000 - 0x00007fff3464c000 	C:\WINDOWS\System32\powrprof.dll
0x00007fff345f0000 - 0x00007fff345fa000 	C:\WINDOWS\System32\FLTLIB.DLL
0x0000000180000000 - 0x0000000180051000 	C:\Users\Doða\Desktop\LWJGLGameEngine\lib\natives\lwjgl64.dll
0x00007fff285a0000 - 0x00007fff286c0000 	C:\WINDOWS\SYSTEM32\OPENGL32.dll
0x00007fff2be70000 - 0x00007fff2be9c000 	C:\WINDOWS\SYSTEM32\GLU32.dll
0x00007fff32a80000 - 0x00007fff32b18000 	C:\WINDOWS\system32\uxtheme.dll
0x00007fff36490000 - 0x00007fff36605000 	C:\WINDOWS\System32\MSCTF.dll
0x00007fff36bc0000 - 0x00007fff36c82000 	C:\WINDOWS\System32\OLEAUT32.dll
0x00007fff32d90000 - 0x00007fff32db9000 	C:\WINDOWS\system32\dwmapi.dll
0x000000005b7e0000 - 0x000000005dcd8000 	C:\WINDOWS\System32\DriverStore\FileRepository\nv_dispi.inf_amd64_38c9bee769f9ef1f\nvoglv64.dll
0x00007fff35810000 - 0x00007fff35c5b000 	C:\WINDOWS\System32\SETUPAPI.dll
0x00007fff380d0000 - 0x00007fff38221000 	C:\WINDOWS\System32\ole32.dll
0x00007fff32580000 - 0x00007fff32593000 	C:\WINDOWS\SYSTEM32\WTSAPI32.dll
0x00007fff343e0000 - 0x00007fff34407000 	C:\WINDOWS\SYSTEM32\DEVOBJ.dll
0x00007fff34730000 - 0x00007fff34787000 	C:\WINDOWS\System32\WINTRUST.dll
0x00007fff345d0000 - 0x00007fff345e2000 	C:\WINDOWS\System32\MSASN1.dll
0x00007fff34b80000 - 0x00007fff34d62000 	C:\WINDOWS\System32\CRYPT32.dll
0x00007fff336c0000 - 0x00007fff336f1000 	C:\WINDOWS\SYSTEM32\ntmarta.dll
0x00007fff33760000 - 0x00007fff337b6000 	C:\WINDOWS\SYSTEM32\WINSTA.dll
0x00007fff24e60000 - 0x00007fff24ef7000 	C:\WINDOWS\System32\TextInputFramework.dll
0x00007fff31f80000 - 0x00007fff3205a000 	C:\WINDOWS\System32\CoreMessaging.dll
0x00007fff24b40000 - 0x00007fff24e5e000 	C:\WINDOWS\System32\CoreUIComponents.dll
0x00007fff2ee00000 - 0x00007fff2ef4d000 	C:\WINDOWS\SYSTEM32\wintypes.dll
0x00007fff1d490000 - 0x00007fff1d538000 	C:\WINDOWS\SYSTEM32\mscms.dll
0x00007fff2e880000 - 0x00007fff2e890000 	C:\WINDOWS\SYSTEM32\ColorAdapterClient.dll
0x00007fff344d0000 - 0x00007fff344f8000 	C:\WINDOWS\SYSTEM32\USERENV.dll
0x00007fff1d9d0000 - 0x00007fff1da13000 	C:\WINDOWS\SYSTEM32\icm32.dll
0x000000005f320000 - 0x000000005f4b8000 	C:\Program Files\Java\jre1.8.0_171\bin\awt.dll
0x00007fff32180000 - 0x00007fff3220b000 	C:\WINDOWS\SYSTEM32\apphelp.dll
0x00007fff34000000 - 0x00007fff34017000 	C:\WINDOWS\SYSTEM32\CRYPTSP.dll
0x00007fff33a30000 - 0x00007fff33a63000 	C:\WINDOWS\system32\rsaenh.dll
0x00007fff34130000 - 0x00007fff34155000 	C:\WINDOWS\SYSTEM32\bcrypt.dll
0x00007fff34020000 - 0x00007fff3402b000 	C:\WINDOWS\SYSTEM32\CRYPTBASE.dll
0x000000005f300000 - 0x000000005f31a000 	C:\Program Files\Java\jre1.8.0_171\bin\net.dll
0x00007fff33e50000 - 0x00007fff33eb6000 	C:\WINDOWS\system32\mswsock.dll
0x00007fff33bd0000 - 0x00007fff33c08000 	C:\WINDOWS\SYSTEM32\IPHLPAPI.DLL
0x00007fff36300000 - 0x00007fff36308000 	C:\WINDOWS\System32\NSI.dll
0x00007fff2f690000 - 0x00007fff2f6a6000 	C:\WINDOWS\SYSTEM32\dhcpcsvc6.DLL
0x00007fff2fe70000 - 0x00007fff2fe8a000 	C:\WINDOWS\SYSTEM32\dhcpcsvc.DLL
0x000000005f2e0000 - 0x000000005f2f1000 	C:\Program Files\Java\jre1.8.0_171\bin\nio.dll
0x00007fff2f970000 - 0x00007fff2fb39000 	C:\WINDOWS\SYSTEM32\dbghelp.dll

VM Arguments:
jvm_args: -Djava.library.path=C:\Users\Doða\Desktop\LWJGLGameEngine\lib\natives -Dfile.encoding=UTF-8 
java_command: engineTester.MainGameLoop
java_class_path (initial): C:\Program Files\Java\jre1.8.0_171\lib\resources.jar;C:\Program Files\Java\jre1.8.0_171\lib\rt.jar;C:\Program Files\Java\jre1.8.0_171\lib\jsse.jar;C:\Program Files\Java\jre1.8.0_171\lib\jce.jar;C:\Program Files\Java\jre1.8.0_171\lib\charsets.jar;C:\Program Files\Java\jre1.8.0_171\lib\jfr.jar;C:\Program Files\Java\jre1.8.0_171\lib\ext\access-bridge-64.jar;C:\Program Files\Java\jre1.8.0_171\lib\ext\cldrdata.jar;C:\Program Files\Java\jre1.8.0_171\lib\ext\dnsns.jar;C:\Program Files\Java\jre1.8.0_171\lib\ext\jaccess.jar;C:\Program Files\Java\jre1.8.0_171\lib\ext\jfxrt.jar;C:\Program Files\Java\jre1.8.0_171\lib\ext\localedata.jar;C:\Program Files\Java\jre1.8.0_171\lib\ext\nashorn.jar;C:\Program Files\Java\jre1.8.0_171\lib\ext\sunec.jar;C:\Program Files\Java\jre1.8.0_171\lib\ext\sunjce_provider.jar;C:\Program Files\Java\jre1.8.0_171\lib\ext\sunmscapi.jar;C:\Program Files\Java\jre1.8.0_171\lib\ext\sunpkcs11.jar;C:\Program Files\Java\jre1.8.0_171\lib\ext\zipfs.jar;C:\Users\Doða\Desktop\LWJGLGameEngine\bin;C:\Users\Doða\Desktop\LWJGLGameEngine\lib\jars\lwjgl_util.jar;C:\Users\Doða\Desktop\LWJGLGameEngine\lib\jars\lwjgl.jar;C:\Users\Doða\Desktop\LWJGLGameEngine\lib\jars\slick-util.jar;C:\Users\Doða\Desktop\LWJGLGameEngine\lib\jars\PNGDecoder.jar
Launcher Type: SUN_STANDARD

Environment Variables:
JAVA_HOME=C:\Program Files\Java\jre-10.0.2
PATH=;C:\Program Files (x86)\Razer Chroma SDK\bin;C:\Program Files\Razer Chroma SDK\bin;c:\program files (x86)\common files\oracle\java\javapath;c:\program files (x86)\razer chroma sdk\bin;c:\program files\razer chroma sdk\bin;c:\program files\nvidia gpu computing toolkit\cuda\v8.0\bin;c:\program files\nvidia gpu computing toolkit\cuda\v8.0\libnvvp;c:\programdata\oracle\java\javapath;c:\windows\system32;c:\windows;c:\windows\system32\wbem;c:\windows\system32\windowspowershell\v1.0\;c:\program files (x86)\skype\phone\;c:\users\doða\appdata\local\microsoft\windowsapps;c:\users\doða\appdata\roaming\dashlane\4.7.1.27826\bin\firefox_extension\{442718d9-475e-452a-b3e1-fb1ee16b8e9f}\components;c:\cygnus\cygwin-b20\h-i586-cygwin32\bin;c:\program files\matlab\r2016b\runtime\win64;c:\program files\matlab\r2016b\bin;c:\program files\matlab\r2016b\polyspace\bin;C:\WINDOWS\system32;C:\WINDOWS;C:\WINDOWS\system32\wbem;C:\WINDOWS\system32\windowspowershell\v1.0\;C:\WINDOWS\system32\openssh\;C:\Program Files (x86)\NVIDIA Corporation\PhysX\Common;C:\Users\Doða\AppData\Local\Microsoft\WindowsApps;C:\Users\Doða\AppData\Roaming\Dashlane\4.7.1.27826\bin\Firefox_Extension\{442718d9-475e-452a-b3e1-fb1ee16b8e9f}\components;C:\Program Files\Microsoft VS Code\bin;C:\Users\Doða\AppData\Local\GitHubDesktop\bin;C:\Users\Doða\AppData\Local\Microsoft\WindowsApps;C:\Users\Doða\AppData\Local\Programs\Fiddler;C:\Users\Doða\AppData\Local\Microsoft\WindowsApps;C:\Users\Doða\AppData\Roaming\Dashlane\4.7.1.27826\bin\Firefox_Extension\{442718d9-475e-452a-b3e1-fb1ee16b8e9f}\components;C:\Program Files\Microsoft VS Code\bin;C:\Users\Doða\AppData\Local\GitHubDesktop\bin;%USERPROFILE%\AppData\Local\Microsoft\WindowsApps;;C:\Users\Doða\AppData\Local\Programs\Fiddler
USERNAME=Doða
OS=Windows_NT
PROCESSOR_IDENTIFIER=Intel64 Family 6 Model 158 Stepping 9, GenuineIntel



---------------  S Y S T E M  ---------------

OS: Windows 10.0 , 64 bit Build 17134 (10.0.17134.1)

CPU:total 8 (initial active 8) (4 cores per cpu, 2 threads per core) family 6 model 158 stepping 9, cmov, cx8, fxsr, mmx, sse, sse2, sse3, ssse3, sse4.1, sse4.2, popcnt, avx, avx2, aes, clmul, erms, rtm, 3dnowpref, lzcnt, ht, tsc, tscinvbit, bmi1, bmi2, adx

Memory: 4k page, physical 16714484k(8226488k free), swap 30870260k(14605348k free)

vm_info: Java HotSpot(TM) 64-Bit Server VM (25.171-b11) for windows-amd64 JRE (1.8.0_171-b11), built on Mar 28 2018 16:06:12 by "java_re" with MS VC++ 10.0 (VS2010)

time: Thu Aug 30 03:45:07 2018
elapsed time: 1 seconds (0d 0h 0m 1s)

